app/build/outputs/logs/manifest-merger-release-report.txt
-- Merging decision tree log ---
manifest
ADDED from src\main\AndroidManifest.xml:1:1-133:12
INJECTED from src\main\AndroidManifest.xml:1:1-133:12
INJECTED from src\main\AndroidManifest.xml:1:1-133:12
INJECTED from src\main\AndroidManifest.xml:1:1-133:12
MERGED from [cjt.library.wheel:camera:1.1.6] AndroidManifest.xml:2:1-17:12
MERGED from [com.android.support:appcompat-v7:26.1.0] AndroidManifest.xml:17:1-31:12
MERGED from [com.bugtags.library:bugtags-lib:3.0.0] AndroidManifest.xml:2:1-44:12
MERGED from [com.journeyapps:zxing-android-embedded:3.5.0] AndroidManifest.xml:17:1-55:12
MERGED from [com.android.support:support-v4:26.1.0] AndroidManifest.xml:17:1-31:12
MERGED from [com.android.support:cardview-v7:26.1.0] AndroidManifest.xml:17:1-28:12
MERGED from [io.reactivex:rxandroid:1.1.0] AndroidManifest.xml:15:1-21:12
MERGED from [com.jakewharton.timber:timber:4.5.1] AndroidManifest.xml:2:1-10:12
MERGED from [com.android.support:recyclerview-v7:27.1.1] AndroidManifest.xml:17:1-22:12
MERGED from [com.jakewharton:butterknife:8.5.1] AndroidManifest.xml:2:1-7:12
MERGED from [com.android.support:animated-vector-drawable:26.1.0] AndroidManifest.xml:17:1-28:12
MERGED from [com.android.support:support-vector-drawable:26.1.0] AndroidManifest.xml:17:1-28:12
MERGED from [com.android.support:support-media-compat:26.1.0] AndroidManifest.xml:17:1-31:12
MERGED from [com.android.support:support-fragment:26.1.0] AndroidManifest.xml:17:1-31:12
MERGED from [com.android.support:support-core-ui:27.1.1] AndroidManifest.xml:17:1-22:12
MERGED from [com.android.support:support-core-utils:27.1.1] AndroidManifest.xml:17:1-22:12
MERGED from [com.android.support:support-compat:27.1.1] AndroidManifest.xml:17:1-22:12
MERGED from [android.arch.lifecycle:runtime:1.1.0] AndroidManifest.xml:17:1-22:12
INJECTED from src\main\AndroidManifest.xml:1:1-133:12
INJECTED from src\main\AndroidManifest.xml:1:1-133:12
INJECTED from src\main\AndroidManifest.xml:1:1-133:12
	package
		ADDED from src\main\AndroidManifest.xml:2:5-34
		INJECTED from src\main\AndroidManifest.xml
		INJECTED from src\main\AndroidManifest.xml
	android:versionName
		INJECTED from src\main\AndroidManifest.xml
		ADDED from src\main\AndroidManifest.xml:1:1-133:12
		INJECTED from src\main\AndroidManifest.xml
	android:versionCode
		INJECTED from src\main\AndroidManifest.xml
		ADDED from src\main\AndroidManifest.xml:1:1-133:12
		INJECTED from src\main\AndroidManifest.xml
	xmlns:android
		ADDED from src\main\AndroidManifest.xml:1:11-69
uses-permission#android.permission.ACCESS_NETWORK_STATE
ADDED from src\main\AndroidManifest.xml:4:5-79
MERGED from [com.bugtags.library:bugtags-lib:3.0.0] AndroidManifest.xml:24:5-79
MERGED from [com.bugtags.library:bugtags-lib:3.0.0] AndroidManifest.xml:24:5-79
	android:name
		ADDED from src\main\AndroidManifest.xml:4:22-76
uses-permission#android.permission.ACCESS_WIFI_STATE
ADDED from src\main\AndroidManifest.xml:5:5-76
MERGED from [com.bugtags.library:bugtags-lib:3.0.0] AndroidManifest.xml:23:5-76
MERGED from [com.bugtags.library:bugtags-lib:3.0.0] AndroidManifest.xml:23:5-76
	android:name
		ADDED from src\main\AndroidManifest.xml:5:22-73
uses-permission#android.permission.INTERNET
ADDED from src\main\AndroidManifest.xml:6:5-67
MERGED from [com.bugtags.library:bugtags-lib:3.0.0] AndroidManifest.xml:22:5-67
MERGED from [com.bugtags.library:bugtags-lib:3.0.0] AndroidManifest.xml:22:5-67
	android:name
		ADDED from src\main\AndroidManifest.xml:6:22-64
uses-permission#android.permission.READ_PHONE_STATE
ADDED from src\main\AndroidManifest.xml:7:5-75
	android:name
		ADDED from src\main\AndroidManifest.xml:7:22-72
uses-permission#android.permission.READ_EXTERNAL_STORAGE
ADDED from src\main\AndroidManifest.xml:8:5-80
MERGED from [com.bugtags.library:bugtags-lib:3.0.0] AndroidManifest.xml:26:5-80
MERGED from [com.bugtags.library:bugtags-lib:3.0.0] AndroidManifest.xml:26:5-80
	android:name
		ADDED from src\main\AndroidManifest.xml:8:22-77
uses-permission#android.permission.CAMERA
ADDED from src\main\AndroidManifest.xml:9:5-65
MERGED from [com.journeyapps:zxing-android-embedded:3.5.0] AndroidManifest.xml:21:5-65
MERGED from [com.journeyapps:zxing-android-embedded:3.5.0] AndroidManifest.xml:21:5-65
	android:name
		ADDED from src\main\AndroidManifest.xml:9:22-62
uses-permission#android.permission.FLASHLIGHT
ADDED from src\main\AndroidManifest.xml:10:5-69
	android:name
		ADDED from src\main\AndroidManifest.xml:10:22-66
uses-permission#android.permission.CHANGE_NETWORK_STATE
ADDED from src\main\AndroidManifest.xml:12:5-79
	android:name
		ADDED from src\main\AndroidManifest.xml:12:22-76
uses-permission#android.permission.CHANGE_WIFI_STATE
ADDED from src\main\AndroidManifest.xml:13:5-76
	android:name
		ADDED from src\main\AndroidManifest.xml:13:22-73
uses-permission#android.permission.ACCESS_COARSE_LOCATION
ADDED from src\main\AndroidManifest.xml:16:5-81
MERGED from [com.bugtags.library:bugtags-lib:3.0.0] AndroidManifest.xml:21:5-81
MERGED from [com.bugtags.library:bugtags-lib:3.0.0] AndroidManifest.xml:21:5-81
	android:name
		ADDED from src\main\AndroidManifest.xml:16:22-78
uses-permission#android.permission.ACCESS_FINE_LOCATION
ADDED from src\main\AndroidManifest.xml:17:5-79
MERGED from [com.bugtags.library:bugtags-lib:3.0.0] AndroidManifest.xml:20:5-79
MERGED from [com.bugtags.library:bugtags-lib:3.0.0] AndroidManifest.xml:20:5-79
	android:name
		ADDED from src\main\AndroidManifest.xml:17:22-76
uses-permission#android.permission.MOUNT_UNMOUNT_FILESYSTEMS
ADDED from src\main\AndroidManifest.xml:18:5-84
	android:name
		ADDED from src\main\AndroidManifest.xml:18:22-81
uses-permission#android.permission.READ_LOGS
ADDED from src\main\AndroidManifest.xml:19:5-68
MERGED from [com.bugtags.library:bugtags-lib:3.0.0] AndroidManifest.xml:27:5-68
MERGED from [com.bugtags.library:bugtags-lib:3.0.0] AndroidManifest.xml:27:5-68
	android:name
		ADDED from src\main\AndroidManifest.xml:19:22-65
uses-permission#android.permission.USE_FINGERPRINT
ADDED from src\main\AndroidManifest.xml:20:5-74
	android:name
		ADDED from src\main\AndroidManifest.xml:20:22-71
uses-permission#android.permission.RECEIVE_BOOT_COMPLETED
ADDED from src\main\AndroidManifest.xml:21:5-81
	android:name
		ADDED from src\main\AndroidManifest.xml:21:22-78
uses-permission#android.permission.EXPAND_STATUS_BAR
ADDED from src\main\AndroidManifest.xml:22:5-76
	android:name
		ADDED from src\main\AndroidManifest.xml:22:22-73
uses-permission#android.permission.CHANGE_CONFIGURATION
ADDED from src\main\AndroidManifest.xml:25:5-79
	android:name
		ADDED from src\main\AndroidManifest.xml:25:22-76
uses-permission#android.permission.VIBRATE
ADDED from src\main\AndroidManifest.xml:26:5-66
	android:name
		ADDED from src\main\AndroidManifest.xml:26:22-63
uses-permission#android.permission.WRITE_SETTINGS
ADDED from src\main\AndroidManifest.xml:27:5-73
	android:name
		ADDED from src\main\AndroidManifest.xml:27:22-70
uses-permission#android.permission.WAKE_LOCK
ADDED from src\main\AndroidManifest.xml:28:5-68
	android:name
		ADDED from src\main\AndroidManifest.xml:28:22-65
user-permission
ADDED from src\main\AndroidManifest.xml:30:5-71
	android:name
		ADDED from src\main\AndroidManifest.xml:30:22-68
application
ADDED from src\main\AndroidManifest.xml:32:5-130:19
MERGED from [cjt.library.wheel:camera:1.1.6] AndroidManifest.xml:11:5-15:19
MERGED from [cjt.library.wheel:camera:1.1.6] AndroidManifest.xml:11:5-15:19
MERGED from [com.android.support:appcompat-v7:26.1.0] AndroidManifest.xml:25:5-29:19
MERGED from [com.android.support:appcompat-v7:26.1.0] AndroidManifest.xml:25:5-29:19
MERGED from [com.bugtags.library:bugtags-lib:3.0.0] AndroidManifest.xml:29:5-42:19
MERGED from [com.bugtags.library:bugtags-lib:3.0.0] AndroidManifest.xml:29:5-42:19
MERGED from [com.journeyapps:zxing-android-embedded:3.5.0] AndroidManifest.xml:45:5-53:19
MERGED from [com.journeyapps:zxing-android-embedded:3.5.0] AndroidManifest.xml:45:5-53:19
MERGED from [com.android.support:support-v4:26.1.0] AndroidManifest.xml:25:5-29:19
MERGED from [com.android.support:support-v4:26.1.0] AndroidManifest.xml:25:5-29:19
MERGED from [com.android.support:cardview-v7:26.1.0] AndroidManifest.xml:22:5-26:19
MERGED from [com.android.support:cardview-v7:26.1.0] AndroidManifest.xml:22:5-26:19
MERGED from [com.jakewharton.timber:timber:4.5.1] AndroidManifest.xml:8:5-20
MERGED from [com.jakewharton.timber:timber:4.5.1] AndroidManifest.xml:8:5-20
MERGED from [com.android.support:animated-vector-drawable:26.1.0] AndroidManifest.xml:22:5-26:19
MERGED from [com.android.support:animated-vector-drawable:26.1.0] AndroidManifest.xml:22:5-26:19
MERGED from [com.android.support:support-vector-drawable:26.1.0] AndroidManifest.xml:22:5-26:19
MERGED from [com.android.support:support-vector-drawable:26.1.0] AndroidManifest.xml:22:5-26:19
MERGED from [com.android.support:support-media-compat:26.1.0] AndroidManifest.xml:25:5-29:19
MERGED from [com.android.support:support-media-compat:26.1.0] AndroidManifest.xml:25:5-29:19
MERGED from [com.android.support:support-fragment:26.1.0] AndroidManifest.xml:25:5-29:19
MERGED from [com.android.support:support-fragment:26.1.0] AndroidManifest.xml:25:5-29:19
	android:supportsRtl
		ADDED from src\main\AndroidManifest.xml:39:9-35
	android:label
		ADDED from src\main\AndroidManifest.xml:37:9-41
	android:hardwareAccelerated
		ADDED from src\main\AndroidManifest.xml:35:9-44
	android:roundIcon
		ADDED from src\main\AndroidManifest.xml:38:9-54
	android:icon
		ADDED from src\main\AndroidManifest.xml:36:9-43
	android:allowBackup
		ADDED from src\main\AndroidManifest.xml:34:9-35
	android:theme
		ADDED from src\main\AndroidManifest.xml:40:9-40
	android:name
		ADDED from src\main\AndroidManifest.xml:33:9-46
activity#com.zxcn.imai.smart.activity.common.MainActivity
ADDED from src\main\AndroidManifest.xml:42:9-53:20
	android:screenOrientation
		ADDED from src\main\AndroidManifest.xml:45:13-49
	android:launchMode
		ADDED from src\main\AndroidManifest.xml:44:13-43
	android:name
		ADDED from src\main\AndroidManifest.xml:43:13-57
intent-filter#action:name:android.intent.action.MAIN+category:name:android.intent.category.HOME+category:name:android.intent.category.LAUNCHER
ADDED from src\main\AndroidManifest.xml:47:13-52:29
	android:priority
		ADDED from src\main\AndroidManifest.xml:47:28-48
action#android.intent.action.MAIN
ADDED from src\main\AndroidManifest.xml:48:17-69
	android:name
		ADDED from src\main\AndroidManifest.xml:48:25-66
category#android.intent.category.LAUNCHER
ADDED from src\main\AndroidManifest.xml:49:17-77
	android:name
		ADDED from src\main\AndroidManifest.xml:49:27-74
category#android.intent.category.HOME
ADDED from src\main\AndroidManifest.xml:50:17-73
	android:name
		ADDED from src\main\AndroidManifest.xml:50:27-70
activity#com.zxcn.imai.smart.activity.finger.FingerBindActivity
ADDED from src\main\AndroidManifest.xml:54:9-57:52
	android:screenOrientation
		ADDED from src\main\AndroidManifest.xml:57:13-49
	android:hardwareAccelerated
		ADDED from src\main\AndroidManifest.xml:56:13-48
	android:name
		ADDED from src\main\AndroidManifest.xml:55:13-63
activity#com.zxcn.imai.smart.activity.finger.FingerIdentifyActivity
ADDED from src\main\AndroidManifest.xml:58:9-60:52
	android:screenOrientation
		ADDED from src\main\AndroidManifest.xml:60:13-49
	android:name
		ADDED from src\main\AndroidManifest.xml:59:13-67
activity#com.zxcn.imai.smart.activity.finger.FingerIdentifyActivity1
ADDED from src\main\AndroidManifest.xml:61:9-63:52
	android:screenOrientation
		ADDED from src\main\AndroidManifest.xml:63:13-49
	android:name
		ADDED from src\main\AndroidManifest.xml:62:13-68
activity#com.zxcn.imai.smart.activity.common.LoginActivity
ADDED from src\main\AndroidManifest.xml:64:9-66:52
	android:screenOrientation
		ADDED from src\main\AndroidManifest.xml:66:13-49
	android:name
		ADDED from src\main\AndroidManifest.xml:65:13-58
activity#com.zxcn.imai.smart.activity.pressure.MeasureActivity
ADDED from src\main\AndroidManifest.xml:67:9-70:52
	android:screenOrientation
		ADDED from src\main\AndroidManifest.xml:70:13-49
	android:launchMode
		ADDED from src\main\AndroidManifest.xml:69:13-44
	android:name
		ADDED from src\main\AndroidManifest.xml:68:13-62
activity#com.zxcn.imai.smart.activity.pressure.MeasurePreActivity
ADDED from src\main\AndroidManifest.xml:71:9-73:52
	android:screenOrientation
		ADDED from src\main\AndroidManifest.xml:73:13-49
	android:name
		ADDED from src\main\AndroidManifest.xml:72:13-65
activity#com.zxcn.imai.smart.activity.pressure.MeasureResultActivity
ADDED from src\main\AndroidManifest.xml:74:9-76:52
	android:screenOrientation
		ADDED from src\main\AndroidManifest.xml:76:13-49
	android:name
		ADDED from src\main\AndroidManifest.xml:75:13-68
activity#com.zxcn.imai.smart.activity.pressure.MeasureTipActivity
ADDED from src\main\AndroidManifest.xml:77:9-79:52
	android:screenOrientation
		ADDED from src\main\AndroidManifest.xml:79:13-49
	android:name
		ADDED from src\main\AndroidManifest.xml:78:13-65
activity#com.zxcn.imai.smart.activity.common.RoleChoseActivity
ADDED from src\main\AndroidManifest.xml:80:9-82:52
	android:screenOrientation
		ADDED from src\main\AndroidManifest.xml:82:13-49
	android:name
		ADDED from src\main\AndroidManifest.xml:81:13-62
activity#com.zxcn.imai.smart.activity.common.CameraActivity
ADDED from src\main\AndroidManifest.xml:84:9-86:46
	android:launchMode
		ADDED from src\main\AndroidManifest.xml:86:13-43
	android:name
		ADDED from src\main\AndroidManifest.xml:85:13-59
receiver#com.zxcn.imai.smart.service.AlarmBroadcastReceiver
ADDED from src\main\AndroidManifest.xml:88:9-68
	android:name
		ADDED from src\main\AndroidManifest.xml:88:19-65
activity#com.zxcn.imai.smart.wifi.WifiConnActivity
ADDED from src\main\AndroidManifest.xml:90:9-59
	android:name
		ADDED from src\main\AndroidManifest.xml:90:19-56
activity#com.zxcn.imai.smart.activity.common.SettingActivity
ADDED from src\main\AndroidManifest.xml:93:9-95:46
	android:launchMode
		ADDED from src\main\AndroidManifest.xml:95:13-43
	android:name
		ADDED from src\main\AndroidManifest.xml:94:13-60
activity#com.zxcn.imai.smart.activity.common.DeviceIDActivity
ADDED from src\main\AndroidManifest.xml:96:9-70
	android:name
		ADDED from src\main\AndroidManifest.xml:96:19-67
activity#com.zxcn.imai.smart.activity.common.SystemInfoActivity
ADDED from src\main\AndroidManifest.xml:97:9-72
	android:name
		ADDED from src\main\AndroidManifest.xml:97:19-69
activity#com.zxcn.imai.smart.activity.common.ErweimaActivity
ADDED from src\main\AndroidManifest.xml:98:9-69
	android:name
		ADDED from src\main\AndroidManifest.xml:98:19-66
activity#com.zxcn.imai.smart.activity.common.RegisterActivity1
ADDED from src\main\AndroidManifest.xml:99:9-71
	android:name
		ADDED from src\main\AndroidManifest.xml:99:19-68
activity#com.zxcn.imai.smart.activity.common.FunctionChoseActivity
ADDED from src\main\AndroidManifest.xml:100:9-75
	android:name
		ADDED from src\main\AndroidManifest.xml:100:19-72
activity#com.zxcn.imai.smart.activity.pressure.MeasureErrActivity
ADDED from src\main\AndroidManifest.xml:101:9-74
	android:name
		ADDED from src\main\AndroidManifest.xml:101:19-71
activity#com.zxcn.imai.smart.activity.spo2.Spo2MeasureActivity
ADDED from src\main\AndroidManifest.xml:102:9-71
	android:name
		ADDED from src\main\AndroidManifest.xml:102:19-68
activity#com.zxcn.imai.smart.zxing.activity.CaptureActivity
ADDED from src\main\AndroidManifest.xml:103:9-68
	android:name
		ADDED from src\main\AndroidManifest.xml:103:19-65
activity#com.zxcn.imai.smart.activity.spo2.Spo2TipActivity
ADDED from src\main\AndroidManifest.xml:104:9-67
	android:name
		ADDED from src\main\AndroidManifest.xml:104:19-64
activity#com.zxcn.imai.smart.activity.common.QRCodeActivity
ADDED from src\main\AndroidManifest.xml:105:9-107:52
	android:screenOrientation
		ADDED from src\main\AndroidManifest.xml:107:13-49
	android:name
		ADDED from src\main\AndroidManifest.xml:106:13-59
activity#com.zxcn.imai.smart.SplishActivity
ADDED from src\main\AndroidManifest.xml:108:9-110:51
	android:launchMode
		ADDED from src\main\AndroidManifest.xml:110:13-48
	android:name
		ADDED from src\main\AndroidManifest.xml:109:13-43
provider#android.support.v4.content.FileProvider
ADDED from src\main\AndroidManifest.xml:112:9-120:20
	android:grantUriPermissions
		ADDED from src\main\AndroidManifest.xml:116:13-47
	android:authorities
		ADDED from src\main\AndroidManifest.xml:114:13-67
	android:exported
		ADDED from src\main\AndroidManifest.xml:115:13-37
	android:name
		ADDED from src\main\AndroidManifest.xml:113:13-67
meta-data#android.support.FILE_PROVIDER_PATHS
ADDED from src\main\AndroidManifest.xml:117:13-119:52
	android:resource
		ADDED from src\main\AndroidManifest.xml:119:17-49
	android:name
		ADDED from src\main\AndroidManifest.xml:118:17-67
receiver#com.zxcn.imai.smart.board.BootBroadcastReceiver
ADDED from src\main\AndroidManifest.xml:122:9-127:20
	android:name
		ADDED from src\main\AndroidManifest.xml:122:19-81
intent-filter#action:name:android.intent.action.ACTION_SHUTDOWN+action:name:android.intent.action.BOOT_COMPLETED
ADDED from src\main\AndroidManifest.xml:123:13-126:29
action#android.intent.action.BOOT_COMPLETED
ADDED from src\main\AndroidManifest.xml:124:17-79
	android:name
		ADDED from src\main\AndroidManifest.xml:124:25-76
action#android.intent.action.ACTION_SHUTDOWN
ADDED from src\main\AndroidManifest.xml:125:17-80
	android:name
		ADDED from src\main\AndroidManifest.xml:125:25-77
service#com.zxcn.imai.smart.service.ScreenService
ADDED from src\main\AndroidManifest.xml:129:9-58
	android:name
		ADDED from src\main\AndroidManifest.xml:129:18-55
uses-sdk
INJECTED from src\main\AndroidManifest.xml reason: use-sdk injection requested
INJECTED from src\main\AndroidManifest.xml
INJECTED from src\main\AndroidManifest.xml
MERGED from [cjt.library.wheel:camera:1.1.6] AndroidManifest.xml:7:5-9:41
MERGED from [cjt.library.wheel:camera:1.1.6] AndroidManifest.xml:7:5-9:41
MERGED from [com.android.support:appcompat-v7:26.1.0] AndroidManifest.xml:21:5-23:78
MERGED from [com.android.support:appcompat-v7:26.1.0] AndroidManifest.xml:21:5-23:78
MERGED from [com.bugtags.library:bugtags-lib:3.0.0] AndroidManifest.xml:7:5-9:41
MERGED from [com.bugtags.library:bugtags-lib:3.0.0] AndroidManifest.xml:7:5-9:41
MERGED from [com.journeyapps:zxing-android-embedded:3.5.0] AndroidManifest.xml:19:5-43
MERGED from [com.journeyapps:zxing-android-embedded:3.5.0] AndroidManifest.xml:19:5-43
MERGED from [com.android.support:support-v4:26.1.0] AndroidManifest.xml:21:5-23:54
MERGED from [com.android.support:support-v4:26.1.0] AndroidManifest.xml:21:5-23:54
MERGED from [com.android.support:cardview-v7:26.1.0] AndroidManifest.xml:20:5-44
MERGED from [com.android.support:cardview-v7:26.1.0] AndroidManifest.xml:20:5-44
MERGED from [io.reactivex:rxandroid:1.1.0] AndroidManifest.xml:19:5-43
MERGED from [io.reactivex:rxandroid:1.1.0] AndroidManifest.xml:19:5-43
MERGED from [com.jakewharton.timber:timber:4.5.1] AndroidManifest.xml:6:5-43
MERGED from [com.jakewharton.timber:timber:4.5.1] AndroidManifest.xml:6:5-43
MERGED from [com.android.support:recyclerview-v7:27.1.1] AndroidManifest.xml:20:5-44
MERGED from [com.android.support:recyclerview-v7:27.1.1] AndroidManifest.xml:20:5-44
MERGED from [com.jakewharton:butterknife:8.5.1] AndroidManifest.xml:5:5-43
MERGED from [com.jakewharton:butterknife:8.5.1] AndroidManifest.xml:5:5-43
MERGED from [com.android.support:animated-vector-drawable:26.1.0] AndroidManifest.xml:20:5-44
MERGED from [com.android.support:animated-vector-drawable:26.1.0] AndroidManifest.xml:20:5-44
MERGED from [com.android.support:support-vector-drawable:26.1.0] AndroidManifest.xml:20:5-44
MERGED from [com.android.support:support-vector-drawable:26.1.0] AndroidManifest.xml:20:5-44
MERGED from [com.android.support:support-media-compat:26.1.0] AndroidManifest.xml:21:5-23:63
MERGED from [com.android.support:support-media-compat:26.1.0] AndroidManifest.xml:21:5-23:63
MERGED from [com.android.support:support-fragment:26.1.0] AndroidManifest.xml:21:5-23:60
MERGED from [com.android.support:support-fragment:26.1.0] AndroidManifest.xml:21:5-23:60
MERGED from [com.android.support:support-core-ui:27.1.1] AndroidManifest.xml:20:5-44
MERGED from [com.android.support:support-core-ui:27.1.1] AndroidManifest.xml:20:5-44
MERGED from [com.android.support:support-core-utils:27.1.1] AndroidManifest.xml:20:5-44
MERGED from [com.android.support:support-core-utils:27.1.1] AndroidManifest.xml:20:5-44
MERGED from [com.android.support:support-compat:27.1.1] AndroidManifest.xml:20:5-44
MERGED from [com.android.support:support-compat:27.1.1] AndroidManifest.xml:20:5-44
MERGED from [android.arch.lifecycle:runtime:1.1.0] AndroidManifest.xml:20:5-44
MERGED from [android.arch.lifecycle:runtime:1.1.0] AndroidManifest.xml:20:5-44
INJECTED from src\main\AndroidManifest.xml
INJECTED from src\main\AndroidManifest.xml
	tools:overrideLibrary
		ADDED from [com.android.support:appcompat-v7:26.1.0] AndroidManifest.xml:23:9-75
	android:targetSdkVersion
		INJECTED from src\main\AndroidManifest.xml
		ADDED from src\main\AndroidManifest.xml
		INJECTED from src\main\AndroidManifest.xml
	android:minSdkVersion
		INJECTED from src\main\AndroidManifest.xml
		ADDED from src\main\AndroidManifest.xml
		INJECTED from src\main\AndroidManifest.xml
meta-data#android.support.VERSION
ADDED from [com.android.support:appcompat-v7:26.1.0] AndroidManifest.xml:26:9-28:38
MERGED from [com.android.support:support-v4:26.1.0] AndroidManifest.xml:26:9-28:38
MERGED from [com.android.support:support-v4:26.1.0] AndroidManifest.xml:26:9-28:38
MERGED from [com.android.support:cardview-v7:26.1.0] AndroidManifest.xml:23:9-25:38
MERGED from [com.android.support:cardview-v7:26.1.0] AndroidManifest.xml:23:9-25:38
MERGED from [com.android.support:animated-vector-drawable:26.1.0] AndroidManifest.xml:23:9-25:38
MERGED from [com.android.support:animated-vector-drawable:26.1.0] AndroidManifest.xml:23:9-25:38
MERGED from [com.android.support:support-vector-drawable:26.1.0] AndroidManifest.xml:23:9-25:38
MERGED from [com.android.support:support-vector-drawable:26.1.0] AndroidManifest.xml:23:9-25:38
MERGED from [com.android.support:support-media-compat:26.1.0] AndroidManifest.xml:26:9-28:38
MERGED from [com.android.support:support-media-compat:26.1.0] AndroidManifest.xml:26:9-28:38
MERGED from [com.android.support:support-fragment:26.1.0] AndroidManifest.xml:26:9-28:38
MERGED from [com.android.support:support-fragment:26.1.0] AndroidManifest.xml:26:9-28:38
	android:value
		ADDED from [com.android.support:appcompat-v7:26.1.0] AndroidManifest.xml:28:13-35
	android:name
		ADDED from [com.android.support:appcompat-v7:26.1.0] AndroidManifest.xml:27:13-51
uses-permission#android.permission.SYSTEM_ALERT_WINDOW
ADDED from [com.bugtags.library:bugtags-lib:3.0.0] AndroidManifest.xml:11:5-78
	android:name
		ADDED from [com.bugtags.library:bugtags-lib:3.0.0] AndroidManifest.xml:11:22-75
uses-feature#android.hardware.location.gps
ADDED from [com.bugtags.library:bugtags-lib:3.0.0] AndroidManifest.xml:13:5-15:36
	android:required
		ADDED from [com.bugtags.library:bugtags-lib:3.0.0] AndroidManifest.xml:15:9-33
	android:name
		ADDED from [com.bugtags.library:bugtags-lib:3.0.0] AndroidManifest.xml:14:9-53
uses-feature#android.hardware.location.network
ADDED from [com.bugtags.library:bugtags-lib:3.0.0] AndroidManifest.xml:16:5-18:36
	android:required
		ADDED from [com.bugtags.library:bugtags-lib:3.0.0] AndroidManifest.xml:18:9-33
	android:name
		ADDED from [com.bugtags.library:bugtags-lib:3.0.0] AndroidManifest.xml:17:9-57
uses-permission#android.permission.WRITE_EXTERNAL_STORAGE
ADDED from [com.bugtags.library:bugtags-lib:3.0.0] AndroidManifest.xml:25:5-81
	android:name
		ADDED from [com.bugtags.library:bugtags-lib:3.0.0] AndroidManifest.xml:25:22-78
activity#com.bugtags.library.BugtagsActivity
ADDED from [com.bugtags.library:bugtags-lib:3.0.0] AndroidManifest.xml:30:9-33:86
	android:configChanges
		ADDED from [com.bugtags.library:bugtags-lib:3.0.0] AndroidManifest.xml:32:13-74
	android:theme
		ADDED from [com.bugtags.library:bugtags-lib:3.0.0] AndroidManifest.xml:33:13-83
	android:name
		ADDED from [com.bugtags.library:bugtags-lib:3.0.0] AndroidManifest.xml:31:13-63
service#com.bugtags.library.BugtagsService
ADDED from [com.bugtags.library:bugtags-lib:3.0.0] AndroidManifest.xml:35:9-70
	android:name
		ADDED from [com.bugtags.library:bugtags-lib:3.0.0] AndroidManifest.xml:35:18-67
receiver#com.bugtags.library.BugtagsReceiver
ADDED from [com.bugtags.library:bugtags-lib:3.0.0] AndroidManifest.xml:37:9-41:20
	android:name
		ADDED from [com.bugtags.library:bugtags-lib:3.0.0] AndroidManifest.xml:37:19-69
intent-filter#action:name:android.net.conn.CONNECTIVITY_CHANGE
ADDED from [com.bugtags.library:bugtags-lib:3.0.0] AndroidManifest.xml:38:13-40:29
action#android.net.conn.CONNECTIVITY_CHANGE
ADDED from [com.bugtags.library:bugtags-lib:3.0.0] AndroidManifest.xml:39:17-79
	android:name
		ADDED from [com.bugtags.library:bugtags-lib:3.0.0] AndroidManifest.xml:39:25-76
uses-feature#android.hardware.camera
ADDED from [com.journeyapps:zxing-android-embedded:3.5.0] AndroidManifest.xml:24:5-26:36
	android:required
		ADDED from [com.journeyapps:zxing-android-embedded:3.5.0] AndroidManifest.xml:26:9-33
	android:name
		ADDED from [com.journeyapps:zxing-android-embedded:3.5.0] AndroidManifest.xml:25:9-47
uses-feature#android.hardware.camera.front
ADDED from [com.journeyapps:zxing-android-embedded:3.5.0] AndroidManifest.xml:27:5-29:36
	android:required
		ADDED from [com.journeyapps:zxing-android-embedded:3.5.0] AndroidManifest.xml:29:9-33
	android:name
		ADDED from [com.journeyapps:zxing-android-embedded:3.5.0] AndroidManifest.xml:28:9-53
uses-feature#android.hardware.camera.autofocus
ADDED from [com.journeyapps:zxing-android-embedded:3.5.0] AndroidManifest.xml:32:5-34:36
	android:required
		ADDED from [com.journeyapps:zxing-android-embedded:3.5.0] AndroidManifest.xml:34:9-33
	android:name
		ADDED from [com.journeyapps:zxing-android-embedded:3.5.0] AndroidManifest.xml:33:9-57
uses-feature#android.hardware.camera.flash
ADDED from [com.journeyapps:zxing-android-embedded:3.5.0] AndroidManifest.xml:35:5-37:36
	android:required
		ADDED from [com.journeyapps:zxing-android-embedded:3.5.0] AndroidManifest.xml:37:9-33
	android:name
		ADDED from [com.journeyapps:zxing-android-embedded:3.5.0] AndroidManifest.xml:36:9-53
uses-feature#android.hardware.screen.landscape
ADDED from [com.journeyapps:zxing-android-embedded:3.5.0] AndroidManifest.xml:38:5-40:36
	android:required
		ADDED from [com.journeyapps:zxing-android-embedded:3.5.0] AndroidManifest.xml:40:9-33
	android:name
		ADDED from [com.journeyapps:zxing-android-embedded:3.5.0] AndroidManifest.xml:39:9-57
uses-feature#android.hardware.wifi
ADDED from [com.journeyapps:zxing-android-embedded:3.5.0] AndroidManifest.xml:41:5-43:36
	android:required
		ADDED from [com.journeyapps:zxing-android-embedded:3.5.0] AndroidManifest.xml:43:9-33
	android:name
		ADDED from [com.journeyapps:zxing-android-embedded:3.5.0] AndroidManifest.xml:42:9-45
activity#com.journeyapps.barcodescanner.CaptureActivity
ADDED from [com.journeyapps:zxing-android-embedded:3.5.0] AndroidManifest.xml:46:9-52:63
	android:screenOrientation
		ADDED from [com.journeyapps:zxing-android-embedded:3.5.0] AndroidManifest.xml:49:13-56
	android:clearTaskOnLaunch
		ADDED from [com.journeyapps:zxing-android-embedded:3.5.0] AndroidManifest.xml:48:13-45
	android:stateNotNeeded
		ADDED from [com.journeyapps:zxing-android-embedded:3.5.0] AndroidManifest.xml:50:13-42
	android:windowSoftInputMode
		ADDED from [com.journeyapps:zxing-android-embedded:3.5.0] AndroidManifest.xml:52:13-60
	android:theme
		ADDED from [com.journeyapps:zxing-android-embedded:3.5.0] AndroidManifest.xml:51:13-54
	android:name
		ADDED from [com.journeyapps:zxing-android-embedded:3.5.0] AndroidManifest.xml:47:13-74